<?xml version="1.0" encoding="UTF-8"?>
<testsuite xmlns:xsi="http://www.w3.org/2001/XMLSchema-instance" xsi:noNamespaceSchemaLocation="https://maven.apache.org/surefire/maven-surefire-plugin/xsd/surefire-test-report.xsd" name="UserTest" time="0.425" tests="3" errors="0" skipped="0" failures="0">
  <properties>
[...]
</properties>
  <testcase name="loginWithPasswordWrong" classname="UserTest" time="0.412"/>
  <testcase name="loginWithAllCorrect" classname="UserTest" time="0.005"/>
  <testcase name="loginWithNameWrong" classname="UserTest" time="0.002"/>
</testsuite>